<?xml version="1.0" encoding="UTF-8"?>
<!-- Generated by org.testng.reporters.JUnitReportReporter -->
<testsuite hostname="MT-9SQN6L3" failures="0" tests="10" name="com.pg.tide.runnable.Runner" time="291.179" errors="0" timestamp="2022-07-30T00:48:59 IST" skipped="2">
  <testcase classname="com.pg.tide.runnable.Runner" name="browseByNeedFebreze" time="10.341"/>
  <system-out/>
  <testcase classname="com.pg.tide.runnable.Runner" name="registration" time="55.516">
    <skipped/>
  </testcase> <!-- registration -->
  <system-out/>
  <testcase classname="com.pg.tide.runnable.Runner" name="startChat" time="46.921"/>
  <system-out/>
  <testcase classname="com.pg.tide.runnable.Runner" name="checkContactUsIframe" time="14.470"/>
  <system-out/>
  <testcase classname="com.pg.tide.runnable.Runner" name="checkPartCompanies" time="54.137"/>
  <system-out/>
  <testcase classname="com.pg.tide.runnable.Runner" name="CustomStainCheck" time="14.273"/>
  <system-out/>
  <testcase classname="com.pg.tide.runnable.Runner" name="changeLanguage" time="18.626"/>
  <system-out/>
  <testcase classname="com.pg.tide.runnable.Runner" name="login" time="50.518">
    <skipped/>
  </testcase> <!-- login -->
  <system-out/>
  <testcase classname="com.pg.tide.runnable.Runner" name="CalculateSavingsForSwitchingToColdWaterFor10Washes" time="13.627"/>
  <system-out/>
  <testcase classname="com.pg.tide.runnable.Runner" name="searchPodsProduct" time="12.750"/>
  <system-out/>
</testsuite> <!-- com.pg.tide.runnable.Runner -->
