<?xml version="1.0" encoding="UTF-8"?>
<!-- Generated by org.testng.reporters.JUnitReportReporter -->
<testsuite hostname="Medge160" failures="0" tests="1" name="com.pg.tide.runnable.Runner" time="55.191" errors="0" timestamp="2022-07-29T16:32:46 GMT+05:30" skipped="0">
  <testcase classname="com.pg.tide.runnable.Runner" name="checkPartCompanies" time="55.191"/>
  <system-out/>
</testsuite> <!-- com.pg.tide.runnable.Runner -->
